<?xml version="1.0" encoding="utf-8"?>
<test-run id="2" name="readonly-bytes.dll" fullname="C:/Users/User/Pictures/проекторий/readonly-bytes/bin/Debug/net6.0/readonly-bytes.dll" testcasecount="14" result="Passed" start-time="2023-03-30T12:30:55.4094437Z" end-time="2023-03-30T12:30:55.6888656Z" duration="0.279383" total="14" passed="14" failed="0" inconclusive="0" skipped="0" warnings="0" asserts="100035" random-seed="1757410737">
  <command-line><![CDATA[C:\Users\User\Pictures\проекторий\readonly-bytes\bin\Debug\net6.0\readonly-bytes.dll]]></command-line>
  <filter />
  <test-suite type="Assembly" id="1016" name="readonly-bytes.dll" fullname="C:/Users/User/Pictures/проекторий/readonly-bytes/bin/Debug/net6.0/readonly-bytes.dll" runstate="Runnable" testcasecount="14" result="Passed" start-time="2023-03-30T12:30:55.4094437Z" end-time="2023-03-30T12:30:55.6888656Z" duration="0.279383" total="14" passed="14" failed="0" warnings="0" inconclusive="0" skipped="0" asserts="100035">
    <environment framework-version="3.13.3.0" clr-version="6.0.15" os-version="Microsoft Windows 10.0.22621" platform="Win32NT" cwd="C:\Users\User\Pictures\проекторий\readonly-bytes\bin\Debug\net6.0" machine-name="DESKTOP-1FIK0NG" user="User" user-domain="DESKTOP-1FIK0NG" culture="ru-RU" uiculture="ru-RU" os-architecture="x64" />
    <settings>
      <setting name="WorkDirectory" value="C:\Users\User\Pictures\проекторий\readonly-bytes\bin\Debug\net6.0" />
      <setting name="NumberOfTestWorkers" value="8" />
    </settings>
    <properties>
      <property name="_PID" value="47904" />
      <property name="_APPDOMAIN" value="readonly-bytes" />
    </properties>
    <test-suite type="TestSuite" id="1017" name="hashes" fullname="hashes" runstate="Runnable" testcasecount="14" result="Passed" start-time="2023-03-30T12:30:55.4147094Z" end-time="2023-03-30T12:30:55.6888613Z" duration="0.274151" total="14" passed="14" failed="0" warnings="0" inconclusive="0" skipped="0" asserts="100035">
      <test-suite type="TestFixture" id="1000" name="ReadonlyBytesTests" fullname="hashes.ReadonlyBytesTests" classname="hashes.ReadonlyBytesTests" runstate="Runnable" testcasecount="14" result="Passed" start-time="2023-03-30T12:30:55.4160999Z" end-time="2023-03-30T12:30:55.6888472Z" duration="0.272747" total="14" passed="14" failed="0" warnings="0" inconclusive="0" skipped="0" asserts="100035">
        <test-case id="1001" name="Creation" fullname="hashes.ReadonlyBytesTests.Creation" methodname="Creation" classname="hashes.ReadonlyBytesTests" runstate="Runnable" seed="136734231" result="Passed" start-time="2023-03-30T12:30:55.4178609Z" end-time="2023-03-30T12:30:55.4209084Z" duration="0.003233" asserts="0" />
        <test-case id="1002" name="CreationException" fullname="hashes.ReadonlyBytesTests.CreationException" methodname="CreationException" classname="hashes.ReadonlyBytesTests" runstate="Runnable" seed="672553867" result="Passed" start-time="2023-03-30T12:30:55.4241076Z" end-time="2023-03-30T12:30:55.4449151Z" duration="0.020806" asserts="1" />
        <test-case id="1006" name="Enumeration" fullname="hashes.ReadonlyBytesTests.Enumeration" methodname="Enumeration" classname="hashes.ReadonlyBytesTests" runstate="Runnable" seed="2113625413" result="Passed" start-time="2023-03-30T12:30:55.4449578Z" end-time="2023-03-30T12:30:55.4573731Z" duration="0.012416" asserts="1" />
        <test-case id="1007" name="EqualOnSameBytes" fullname="hashes.ReadonlyBytesTests.EqualOnSameBytes" methodname="EqualOnSameBytes" classname="hashes.ReadonlyBytesTests" runstate="Runnable" seed="616571667" result="Passed" start-time="2023-03-30T12:30:55.4574054Z" end-time="2023-03-30T12:30:55.4586711Z" duration="0.001266" asserts="4" />
        <test-case id="1013" name="HashCode" fullname="hashes.ReadonlyBytesTests.HashCode" methodname="HashCode" classname="hashes.ReadonlyBytesTests" runstate="Runnable" seed="1625058065" result="Passed" start-time="2023-03-30T12:30:55.4587018Z" end-time="2023-03-30T12:30:55.4633849Z" duration="0.004684" asserts="8" />
        <test-case id="1004" name="Indexer" fullname="hashes.ReadonlyBytesTests.Indexer" methodname="Indexer" classname="hashes.ReadonlyBytesTests" runstate="Runnable" seed="1064117299" result="Passed" start-time="2023-03-30T12:30:55.4634859Z" end-time="2023-03-30T12:30:55.4641735Z" duration="0.000688" asserts="3" />
        <test-case id="1005" name="IndexOutOfRangeException" fullname="hashes.ReadonlyBytesTests.IndexOutOfRangeException" methodname="IndexOutOfRangeException" classname="hashes.ReadonlyBytesTests" runstate="Runnable" seed="931560887" result="Passed" start-time="2023-03-30T12:30:55.4642210Z" end-time="2023-03-30T12:30:55.4663910Z" duration="0.002171" asserts="1" />
        <test-case id="1003" name="Length" fullname="hashes.ReadonlyBytesTests.Length" methodname="Length" classname="hashes.ReadonlyBytesTests" runstate="Runnable" seed="320778902" result="Passed" start-time="2023-03-30T12:30:55.4664241Z" end-time="2023-03-30T12:30:55.4666501Z" duration="0.000226" asserts="1" />
        <test-case id="1015" name="MassiveCallToGetHashCodeOfLargeBytesArray" fullname="hashes.ReadonlyBytesTests.MassiveCallToGetHashCodeOfLargeBytesArray" methodname="MassiveCallToGetHashCodeOfLargeBytesArray" classname="hashes.ReadonlyBytesTests" runstate="Runnable" seed="1329690047" result="Passed" start-time="2023-03-30T12:30:55.4666688Z" end-time="2023-03-30T12:30:55.6855136Z" duration="0.218845" asserts="100000" />
        <test-case id="1008" name="NotEqualIfBytesDiffer" fullname="hashes.ReadonlyBytesTests.NotEqualIfBytesDiffer" methodname="NotEqualIfBytesDiffer" classname="hashes.ReadonlyBytesTests" runstate="Runnable" seed="1838541026" result="Passed" start-time="2023-03-30T12:30:55.6855452Z" end-time="2023-03-30T12:30:55.6861662Z" duration="0.000622" asserts="4" />
        <test-suite type="ParameterizedMethod" id="1012" name="NotEqualWithOtherTypes" fullname="hashes.ReadonlyBytesTests.NotEqualWithOtherTypes" classname="hashes.ReadonlyBytesTests" runstate="Runnable" testcasecount="3" result="Passed" start-time="2023-03-30T12:30:55.6861877Z" end-time="2023-03-30T12:30:55.6874845Z" duration="0.001297" total="3" passed="3" failed="0" warnings="0" inconclusive="0" skipped="0" asserts="9">
          <test-case id="1009" name="NotEqualWithOtherTypes([])" fullname="hashes.ReadonlyBytesTests.NotEqualWithOtherTypes([])" methodname="NotEqualWithOtherTypes" classname="hashes.ReadonlyBytesTests" runstate="Runnable" seed="1308374328" result="Passed" start-time="2023-03-30T12:30:55.6864088Z" end-time="2023-03-30T12:30:55.6865796Z" duration="0.000171" asserts="3" />
          <test-case id="1010" name="NotEqualWithOtherTypes([1, 2, 4])" fullname="hashes.ReadonlyBytesTests.NotEqualWithOtherTypes([1, 2, 4])" methodname="NotEqualWithOtherTypes" classname="hashes.ReadonlyBytesTests" runstate="Runnable" seed="1975291968" result="Passed" start-time="2023-03-30T12:30:55.6865949Z" end-time="2023-03-30T12:30:55.6866064Z" duration="0.000012" asserts="3" />
          <test-case id="1011" name="NotEqualWithOtherTypes([byte.MinValue])" fullname="hashes.ReadonlyBytesTests.NotEqualWithOtherTypes([byte.MinValue])" methodname="NotEqualWithOtherTypes" classname="hashes.ReadonlyBytesTests" runstate="Runnable" seed="1280263039" result="Passed" start-time="2023-03-30T12:30:55.6866125Z" end-time="2023-03-30T12:30:55.6866292Z" duration="0.000017" asserts="3" />
        </test-suite>
        <test-case id="1014" name="ToStringIsOverridden" fullname="hashes.ReadonlyBytesTests.ToStringIsOverridden" methodname="ToStringIsOverridden" classname="hashes.ReadonlyBytesTests" runstate="Runnable" seed="405639111" result="Passed" start-time="2023-03-30T12:30:55.6880846Z" end-time="2023-03-30T12:30:55.6887552Z" duration="0.000671" asserts="3" />
      </test-suite>
    </test-suite>
  </test-suite>
</test-run>